2025-06-17 09:26:38,025 - INFO - Copied source to temporary location: C:\Users\18672\AppData\Local\Temp\md2pdf_r6kur6a3\source.md
2025-06-17 09:26:38,026 - INFO - Executing command: pandoc C:\Users\18672\AppData\Local\Temp\md2pdf_r6kur6a3\source.md -o D:/gitlab/flaskProjectNew/utils/Rasa/instruction_training_platform/docs/Rasa详细使用指南.pdf --pdf-engine=xelatex -V CJKmainfont=Microsoft YaHei -V CJKmonofont=Microsoft YaHei -V monofont=Consolas --highlight-style breezedark --toc -N --wrap=auto -V header-includes=\usepackage{fvextra}\usepackage[top=1.7cm,bottom=1.7cm,left=1.7cm,right=1.7cm]{geometry}\definecolor{shadecolor}{RGB}{245,245,245}\DefineVerbatimEnvironment{Highlighting}{Verbatim}{breaksymbolleft={},commandchars=\\\{\}}
2025-06-17 09:26:49,962 - INFO - PDF转换成功完成
2025-06-17 09:28:36,954 - INFO - Copied source to temporary location: C:\Users\18672\AppData\Local\Temp\md2pdf_5wfn_0wn\source.md
2025-06-17 09:28:36,954 - INFO - Executing command: pandoc C:\Users\18672\AppData\Local\Temp\md2pdf_5wfn_0wn\source.md -o D:/gitlab/flaskProjectNew/utils/Rasa/instruction_training_platform/docs/Rasa详细使用指南.pdf --pdf-engine=xelatex -V CJKmainfont=Microsoft YaHei -V CJKmonofont=Microsoft YaHei -V monofont=Consolas --highlight-style breezedark --toc -N --wrap=auto -V header-includes=\usepackage{fvextra}\usepackage[top=1.7cm,bottom=1.7cm,left=1.7cm,right=1.7cm]{geometry}\definecolor{shadecolor}{RGB}{245,245,245}\DefineVerbatimEnvironment{Highlighting}{Verbatim}{breaksymbolleft={},commandchars=\\\{\}}
2025-06-17 09:28:47,441 - INFO - PDF转换成功完成
2025-06-17 09:29:55,637 - INFO - Copied source to temporary location: C:\Users\18672\AppData\Local\Temp\md2pdf_us1dpahe\source.md
2025-06-17 09:29:55,637 - INFO - Executing command: pandoc C:\Users\18672\AppData\Local\Temp\md2pdf_us1dpahe\source.md -o D:/gitlab/flaskProjectNew/utils/Rasa/instruction_training_platform/docs/Rasa详细使用指南.pdf --pdf-engine=xelatex -V CJKmainfont=Microsoft YaHei -V CJKmonofont=Microsoft YaHei -V monofont=Consolas --highlight-style breezedark --toc -N --wrap=auto -V header-includes=\usepackage{fvextra}\usepackage[top=1.7cm,bottom=1.7cm,left=1.7cm,right=1.7cm]{geometry}\definecolor{shadecolor}{RGB}{245,245,245}\DefineVerbatimEnvironment{Highlighting}{Verbatim}{breaksymbolleft={},commandchars=\\\{\}}
2025-06-17 09:30:06,394 - INFO - PDF转换成功完成
2025-06-17 09:30:06,403 - INFO - Copied source to temporary location: C:\Users\18672\AppData\Local\Temp\md2pdf_keitex9o\source.md
2025-06-17 09:30:06,403 - INFO - Executing command: pandoc C:\Users\18672\AppData\Local\Temp\md2pdf_keitex9o\source.md -o D:/gitlab/flaskProjectNew/utils/Rasa/instruction_training_platform/docs/技术设计方案.pdf --pdf-engine=xelatex -V CJKmainfont=Microsoft YaHei -V CJKmonofont=Microsoft YaHei -V monofont=Consolas --highlight-style breezedark --toc -N --wrap=auto -V header-includes=\usepackage{fvextra}\usepackage[top=1.7cm,bottom=1.7cm,left=1.7cm,right=1.7cm]{geometry}\definecolor{shadecolor}{RGB}{245,245,245}\DefineVerbatimEnvironment{Highlighting}{Verbatim}{breaksymbolleft={},commandchars=\\\{\}}
2025-06-17 09:30:18,903 - INFO - PDF转换成功完成
2025-06-17 09:30:18,907 - INFO - Copied source to temporary location: C:\Users\18672\AppData\Local\Temp\md2pdf_9e53_9el\source.md
2025-06-17 09:30:18,907 - INFO - Executing command: pandoc C:\Users\18672\AppData\Local\Temp\md2pdf_9e53_9el\source.md -o D:/gitlab/flaskProjectNew/utils/Rasa/instruction_training_platform/docs/项目交付清单.pdf --pdf-engine=xelatex -V CJKmainfont=Microsoft YaHei -V CJKmonofont=Microsoft YaHei -V monofont=Consolas --highlight-style breezedark --toc -N --wrap=auto -V header-includes=\usepackage{fvextra}\usepackage[top=1.7cm,bottom=1.7cm,left=1.7cm,right=1.7cm]{geometry}\definecolor{shadecolor}{RGB}{245,245,245}\DefineVerbatimEnvironment{Highlighting}{Verbatim}{breaksymbolleft={},commandchars=\\\{\}}
2025-06-17 09:30:28,654 - INFO - PDF转换成功完成
2025-06-20 09:45:36,495 - INFO - Copied source to temporary location: C:\Users\18672\AppData\Local\Temp\md2pdf_o48b8h4m\source.md
2025-06-20 09:45:36,502 - INFO - Executing command: pandoc C:\Users\18672\AppData\Local\Temp\md2pdf_o48b8h4m\source.md -o D:/gitlab/flaskProjectNew/utils/Rasa/instruction_training_platform/docs/部署指南.pdf --pdf-engine=xelatex -V CJKmainfont=Microsoft YaHei -V CJKmonofont=Microsoft YaHei -V monofont=Consolas --highlight-style breezedark --toc -N --wrap=auto -V header-includes=\usepackage{fvextra}\usepackage[top=1.7cm,bottom=1.7cm,left=1.7cm,right=1.7cm]{geometry}\definecolor{shadecolor}{RGB}{245,245,245}\DefineVerbatimEnvironment{Highlighting}{Verbatim}{breaksymbolleft={},commandchars=\\\{\}}
2025-06-20 09:45:50,864 - INFO - PDF转换成功完成
2025-06-20 22:45:50,361 - INFO - Copied source to temporary location: C:\Users\18672\AppData\Local\Temp\md2pdf_t156s257\source.md
2025-06-20 22:45:50,362 - INFO - Executing command: pandoc C:\Users\18672\AppData\Local\Temp\md2pdf_t156s257\source.md -o D:/gitlab/yingzi-appservice-bfv/影子应用服务BFV项目完整分析报告.pdf --pdf-engine=xelatex -V CJKmainfont=Microsoft YaHei -V CJKmonofont=Microsoft YaHei -V monofont=Consolas --highlight-style breezedark --toc -N --wrap=auto -V header-includes=\usepackage{fvextra}\usepackage[top=1.7cm,bottom=1.7cm,left=1.7cm,right=1.7cm]{geometry}\definecolor{shadecolor}{RGB}{245,245,245}\DefineVerbatimEnvironment{Highlighting}{Verbatim}{breaksymbolleft={},commandchars=\\\{\}}
2025-06-20 22:46:06,479 - INFO - PDF转换成功完成
2025-06-20 23:51:39,377 - INFO - Copied source to temporary location: C:\Users\18672\AppData\Local\Temp\md2pdf_butidn2s\source.md
2025-06-20 23:51:39,378 - INFO - Executing command: pandoc C:\Users\18672\AppData\Local\Temp\md2pdf_butidn2s\source.md -o D:/gitlab/yingzi-appservice-bfv/影子应用服务BFV项目完整分析报告.pdf --pdf-engine=xelatex -V CJKmainfont=Microsoft YaHei -V CJKmonofont=Microsoft YaHei -V monofont=Consolas --highlight-style breezedark --toc -N --wrap=auto -V header-includes=\usepackage{fvextra}\usepackage[top=1.7cm,bottom=1.7cm,left=1.7cm,right=1.7cm]{geometry}\definecolor{shadecolor}{RGB}{245,245,245}\DefineVerbatimEnvironment{Highlighting}{Verbatim}{breaksymbolleft={},commandchars=\\\{\}}
2025-06-20 23:51:55,422 - INFO - PDF转换成功完成
2025-06-21 00:13:10,012 - INFO - Copied source to temporary location: C:\Users\18672\AppData\Local\Temp\md2pdf_gbbrdfn_\source.md
2025-06-21 00:13:10,013 - INFO - Executing command: pandoc C:\Users\18672\AppData\Local\Temp\md2pdf_gbbrdfn_\source.md -o D:/gitlab/yingzi-appservice-bfv/影子应用服务BFV项目完整分析报告.pdf --pdf-engine=xelatex -V CJKmainfont=Microsoft YaHei -V CJKmonofont=Microsoft YaHei -V monofont=Consolas --highlight-style breezedark --toc -N --wrap=auto -V header-includes=\usepackage{fvextra}\usepackage[top=1.7cm,bottom=1.7cm,left=1.7cm,right=1.7cm]{geometry}\definecolor{shadecolor}{RGB}{245,245,245}\DefineVerbatimEnvironment{Highlighting}{Verbatim}{breaksymbolleft={},commandchars=\\\{\}}
2025-06-21 00:13:23,342 - INFO - PDF转换成功完成
2025-06-21 00:36:38,877 - INFO - Copied source to temporary location: C:\Users\18672\AppData\Local\Temp\md2pdf_0u7xi7dz\source.md
2025-06-21 00:36:38,878 - INFO - Executing command: pandoc C:\Users\18672\AppData\Local\Temp\md2pdf_0u7xi7dz\source.md -o D:/gitlab/yingzi-appservice-bfv/影子应用服务BFV项目完整分析报告.pdf --pdf-engine=xelatex -V CJKmainfont=Microsoft YaHei -V CJKmonofont=Microsoft YaHei -V monofont=Consolas --highlight-style breezedark --toc -N --wrap=auto -V header-includes=\usepackage{fvextra}\usepackage[top=1.7cm,bottom=1.7cm,left=1.7cm,right=1.7cm]{geometry}\definecolor{shadecolor}{RGB}{245,245,245}\DefineVerbatimEnvironment{Highlighting}{Verbatim}{breaksymbolleft={},commandchars=\\\{\}}
2025-06-21 00:37:05,860 - INFO - PDF转换成功完成
